/home/david/.rbenv/versions/2.1.3/bin/ruby extconf.rb 
checking for asprintf()... yes
checking for ruby/st.h... yes
checking for ruby/regex.h... yes
checking for ruby/encoding.h... yes
creating Makefile

make "DESTDIR=" clean

make "DESTDIR="
compiling encoding_helpers.c
compiling bson_buffer.c
compiling cbson.c
cbson.c: In function ‘write_utf8’:
cbson.c:119:36: warning: pointer targets in passing argument 1 of ‘check_string’ differ in signedness [-Wpointer-sign]
                                    1, check_null);
                                    ^
In file included from cbson.c:65:0:
encoding_helpers.h:26:10: note: expected ‘const unsigned char *’ but argument is of type ‘char *’
 result_t check_string(const unsigned char* string, const int length,
          ^
In file included from /home/david/.rbenv/versions/2.1.3/include/ruby-2.1.0/ruby.h:33:0,
                 from cbson.c:23:
cbson.c: In function ‘pack_extra’:
cbson.c:201:34: warning: cast from pointer to integer of different size [-Wpointer-to-int-cast]
     return rb_ary_new3(2, LL2NUM((long long)buffer), check_keys);
                                  ^
/home/david/.rbenv/versions/2.1.3/include/ruby-2.1.0/ruby/ruby.h:243:30: note: in definition of macro ‘LL2NUM’
 #define LL2NUM(v) rb_ll2inum(v)
                              ^
cbson.c: In function ‘write_element’:
cbson.c:211:28: warning: cast to pointer from integer of different size [-Wint-to-pointer-cast]
     bson_buffer_t buffer = (bson_buffer_t)NUM2LL(rb_ary_entry(extra, 0));
                            ^
cbson.c:303:20: warning: unused variable ‘values’ [-Wunused-variable]
             VALUE* values;
                    ^
cbson.c:439:17: warning: ISO C90 forbids mixed declarations and code [-Wdeclaration-after-statement]
                 unsigned int seconds = NUM2UINT(
                 ^
cbson.c: In function ‘write_doc’:
cbson.c:602:5: warning: implicit declaration of function ‘bson_buffer_get_max_size’ [-Wimplicit-function-declaration]
     if (length > bson_buffer_get_max_size(buffer)) {
     ^
cbson.c: In function ‘objectid_generate’:
cbson.c:905:9: warning: implicit declaration of function ‘htonl’ [-Wimplicit-function-declaration]
         t = htonl((int)time(NULL));
         ^
cbson.c:913:5: warning: implicit declaration of function ‘htons’ [-Wimplicit-function-declaration]
     pid = htons(getpid());
     ^
cbson.c: In function ‘write_element’:
cbson.c:168:39: warning: ignoring return value of ‘asprintf’, declared with attribute warn_unused_result [-Wunused-result]
 #define INT2STRING(buffer, i) asprintf(buffer, "%d", i);
                                       ^
cbson.c:318:17: note: in expansion of macro ‘INT2STRING’
                 INT2STRING(&name, i);
                 ^
linking shared-object bson_ext/cbson.so

make "DESTDIR=" install
/usr/bin/install -c -m 0755 cbson.so ./.gem.20141104-3248-76oyox/bson_ext
installing default cbson libraries
