have_func: checking for asprintf()... -------------------- yes

"gcc -o conftest -I/home/david/.rbenv/versions/2.1.3/include/ruby-2.1.0/i686-linux -I/home/david/.rbenv/versions/2.1.3/include/ruby-2.1.0/ruby/backward -I/home/david/.rbenv/versions/2.1.3/include/ruby-2.1.0 -I. -I/home/david/.rbenv/versions/2.1.3/include  -D_FILE_OFFSET_BITS=64   -O3 -fno-fast-math -ggdb3 -Wall -Wextra -Wno-unused-parameter -Wno-parentheses -Wno-long-long -Wno-missing-field-initializers -Wunused-variable -Wpointer-arith -Wwrite-strings -Wdeclaration-after-statement -Wimplicit-function-declaration conftest.c  -L. -L/home/david/.rbenv/versions/2.1.3/lib -Wl,-R/home/david/.rbenv/versions/2.1.3/lib -L. -L/home/david/.rbenv/versions/2.1.3/lib  -fstack-protector -rdynamic -Wl,-export-dynamic     -Wl,-R -Wl,/home/david/.rbenv/versions/2.1.3/lib -L/home/david/.rbenv/versions/2.1.3/lib -lruby-static  -lpthread -ldl -lcrypt -lm   -lc"
checked program was:
/* begin */
1: #include "ruby.h"
2: 
3: int main(int argc, char **argv)
4: {
5:   return 0;
6: }
/* end */

"gcc -o conftest -I/home/david/.rbenv/versions/2.1.3/include/ruby-2.1.0/i686-linux -I/home/david/.rbenv/versions/2.1.3/include/ruby-2.1.0/ruby/backward -I/home/david/.rbenv/versions/2.1.3/include/ruby-2.1.0 -I. -I/home/david/.rbenv/versions/2.1.3/include  -D_FILE_OFFSET_BITS=64   -O3 -fno-fast-math -ggdb3 -Wall -Wextra -Wno-unused-parameter -Wno-parentheses -Wno-long-long -Wno-missing-field-initializers -Wunused-variable -Wpointer-arith -Wwrite-strings -Wdeclaration-after-statement -Wimplicit-function-declaration conftest.c  -L. -L/home/david/.rbenv/versions/2.1.3/lib -Wl,-R/home/david/.rbenv/versions/2.1.3/lib -L. -L/home/david/.rbenv/versions/2.1.3/lib  -fstack-protector -rdynamic -Wl,-export-dynamic     -Wl,-R -Wl,/home/david/.rbenv/versions/2.1.3/lib -L/home/david/.rbenv/versions/2.1.3/lib -lruby-static  -lpthread -ldl -lcrypt -lm   -lc"
conftest.c: In function ‘t’:
conftest.c:13:32: warning: variable ‘p’ set but not used [-Wunused-but-set-variable]
 int t(void) { void ((*volatile p)()); p = (void ((*)()))asprintf; return 0; }
                                ^
checked program was:
/* begin */
 1: #include "ruby.h"
 2: 
 3: /*top*/
 4: extern int t(void);
 5: int main(int argc, char **argv)
 6: {
 7:   if (argc > 1000000) {
 8:     printf("%p", &t);
 9:   }
10: 
11:   return 0;
12: }
13: int t(void) { void ((*volatile p)()); p = (void ((*)()))asprintf; return 0; }
/* end */

--------------------

have_header: checking for ruby/st.h... -------------------- yes

"gcc -E -I/home/david/.rbenv/versions/2.1.3/include/ruby-2.1.0/i686-linux -I/home/david/.rbenv/versions/2.1.3/include/ruby-2.1.0/ruby/backward -I/home/david/.rbenv/versions/2.1.3/include/ruby-2.1.0 -I. -I/home/david/.rbenv/versions/2.1.3/include  -D_FILE_OFFSET_BITS=64   -O3 -fno-fast-math -ggdb3 -Wall -Wextra -Wno-unused-parameter -Wno-parentheses -Wno-long-long -Wno-missing-field-initializers -Wunused-variable -Wpointer-arith -Wwrite-strings -Wdeclaration-after-statement -Wimplicit-function-declaration  conftest.c -o conftest.i"
checked program was:
/* begin */
1: #include "ruby.h"
2: 
3: #include <ruby/st.h>
/* end */

--------------------

have_header: checking for ruby/regex.h... -------------------- yes

"gcc -E -I/home/david/.rbenv/versions/2.1.3/include/ruby-2.1.0/i686-linux -I/home/david/.rbenv/versions/2.1.3/include/ruby-2.1.0/ruby/backward -I/home/david/.rbenv/versions/2.1.3/include/ruby-2.1.0 -I. -I/home/david/.rbenv/versions/2.1.3/include  -D_FILE_OFFSET_BITS=64   -O3 -fno-fast-math -ggdb3 -Wall -Wextra -Wno-unused-parameter -Wno-parentheses -Wno-long-long -Wno-missing-field-initializers -Wunused-variable -Wpointer-arith -Wwrite-strings -Wdeclaration-after-statement -Wimplicit-function-declaration  conftest.c -o conftest.i"
checked program was:
/* begin */
1: #include "ruby.h"
2: 
3: #include <ruby/regex.h>
/* end */

--------------------

have_header: checking for ruby/encoding.h... -------------------- yes

"gcc -E -I/home/david/.rbenv/versions/2.1.3/include/ruby-2.1.0/i686-linux -I/home/david/.rbenv/versions/2.1.3/include/ruby-2.1.0/ruby/backward -I/home/david/.rbenv/versions/2.1.3/include/ruby-2.1.0 -I. -I/home/david/.rbenv/versions/2.1.3/include  -D_FILE_OFFSET_BITS=64   -O3 -fno-fast-math -ggdb3 -Wall -Wextra -Wno-unused-parameter -Wno-parentheses -Wno-long-long -Wno-missing-field-initializers -Wunused-variable -Wpointer-arith -Wwrite-strings -Wdeclaration-after-statement -Wimplicit-function-declaration  conftest.c -o conftest.i"
checked program was:
/* begin */
1: #include "ruby.h"
2: 
3: #include <ruby/encoding.h>
/* end */

--------------------

